0 info it worked if it ends with ok
1 verbose cli [ '/Users/ryota/.nvm/versions/node/v6.1.0/bin/node',
1 verbose cli   '/Users/ryota/.nvm/versions/node/v6.1.0/bin/npm',
1 verbose cli   'completion',
1 verbose cli   '--',
1 verbose cli   'npm',
1 verbose cli   'run' ]
2 info using npm@3.10.8
3 info using node@v6.1.0
4 verbose config Skipping project config: /Users/ryota/.npmrc. (matches userconfig)
5 verbose stack TypeError: Cannot read property 'length' of undefined
5 verbose stack     at EventEmitter.completion (/Users/ryota/.nvm/versions/node/v6.1.0/lib/node_modules/npm/lib/completion.js:80:22)
5 verbose stack     at Object.commandCache.(anonymous function) (/Users/ryota/.nvm/versions/node/v6.1.0/lib/node_modules/npm/lib/npm.js:124:13)
5 verbose stack     at EventEmitter.<anonymous> (/Users/ryota/.nvm/versions/node/v6.1.0/lib/node_modules/npm/bin/npm-cli.js:73:30)
5 verbose stack     at _combinedTickCallback (internal/process/next_tick.js:67:7)
5 verbose stack     at process._tickCallback (internal/process/next_tick.js:98:9)
6 verbose cwd /Users/ryota/apj/APJ/share_alarm/share_alarm
7 error Darwin 16.0.0
8 error argv "/Users/ryota/.nvm/versions/node/v6.1.0/bin/node" "/Users/ryota/.nvm/versions/node/v6.1.0/bin/npm" "completion" "--" "npm" "run"
9 error node v6.1.0
10 error npm  v3.10.8
11 error Cannot read property 'length' of undefined
12 error If you need help, you may report this error at:
12 error     <https://github.com/npm/npm/issues>
13 verbose exit [ 1, true ]
